#@ # 
#@ # Running lm_shell Version V-2023.12 for linux64 -- Nov 23, 2023
#@ # Date:   Thu May  9 21:11:04 2024
#@ # Run by: vlsi@elc-vlsi-sm-1-lnx
#@ 

create_workspace -flow exploration -technology /eda/synopsys/SAED90nm_EDK_10072017/SAED90_EDK/SAED_EDK90nm/Digital_Standard_cell_Library/process/astro/tech/astroTechFile.tf ndmtest
# 2- set_app_options
set_app_options -list {lib.workspace.keep_all_physical_cells {true}}
set_app_options -list {design.enable_lib_cell_editing {mutable}}
set_app_options -list {lib.workspace.save_design_views {true}}
set_app_options -list {lib.workspace.save_layout_views {true}}
# 3- read_db
read_db { /eda/synopsys/SAED90nm_EDK_10072017/SAED90_EDK/SAED_EDK90nm/Digital_Standard_cell_Library/synopsys/models/saed90nm_max_lth.db }
# 4- read_lef
read_lef /eda/synopsys/SAED90nm_EDK_10072017/SAED90_EDK/SAED_EDK90nm/Digital_Standard_cell_Library/lef/saed90nmEditted.lef
# 5- see layout view
change_selection [get_designs -filter {view_name == design} {AND4X1}]
current_block saed90nmEditted:AND4X1.design
# 6- create group
group_libs
# 7- finaL Step will create the ndm
process_workspaces  -directory /home/vlsi/Music/FLOW/ndm
# ndm script using icc2_lm_shell
# 1- create_workspace
create_workspace -flow exploration -technology /eda/synopsys/SAED90nm_EDK_10072017/SAED90_EDK/SAED_EDK90nm/Digital_Standard_cell_Library/process/astro/tech/astroTechFile.tf ndmtest
# 2- set_app_options
set_app_options -list {lib.workspace.keep_all_physical_cells {true}}
set_app_options -list {design.enable_lib_cell_editing {mutable}}
set_app_options -list {lib.workspace.save_design_views {true}}
set_app_options -list {lib.workspace.save_layout_views {true}}
# 3- read_db
read_db { /eda/synopsys/SAED90nm_EDK_10072017/SAED90_EDK/SAED_EDK90nm/Digital_Standard_cell_Library/synopsys/models/saed90nm_max_lth.db }
# 4- read_lef
read_lef /eda/synopsys/SAED90nm_EDK_10072017/SAED90_EDK/SAED_EDK90nm/Digital_Standard_cell_Library/lef/saed90nmEditted.lef
# 5- see layout view
change_selection [get_designs -filter {view_name == design} {AND4X1}]
current_block saed90nmEditted:AND4X1.design
# 6- create group
group_libs
# 7- finaL Step will create the ndm
process_workspaces  -directory /home/vlsi/Music/FLOW/ndm
#########################################################################################################
create_workspace -flow exploration -technology /eda/synopsys/SAED90nm_EDK_10072017/SAED90_EDK/SAED_EDK90nm/Digital_Standard_cell_Library/process/astro/tech/astroTechFile.tf ndmtest
set_app_options -list {lib.workspace.keep_all_physical_cells {true}}
set_app_options -list {design.enable_lib_cell_editing {mutable}}
set_app_options -list {lib.workspace.save_design_views {true}}
set_app_options -list {lib.workspace.save_layout_views {true}}
read_db { /eda/synopsys/SAED90nm_EDK_10072017/SAED90_EDK/SAED_EDK90nm/Digital_Standard_cell_Library/synopsys/models/saed90nm_max_lth.db }
read_lef /eda/synopsys/SAED90nm_EDK_10072017/SAED90_EDK/SAED_EDK90nm/Digital_Standard_cell_Library/lef/saed90nmEditted.lef
change_selection [get_designs -filter {view_name == design} {AND4X1}]
current_block saed90nmEditted:AND4X1.design
group_libs
process_workspaces  -directory /home/vlsi/Music/FLOW/ndm
process_workspaces  -directory /home/vlsi/Music/FLOW/ndm
process_workspaces  -directory /home/vlsi/Music/Flow/ndm
