****************************************
Report : timing
        -path_type full
        -delay_type min
        -max_paths 10
        -report_by design
Design : i2c_master_top
Version: V-2023.12
Date   : Fri May 10 18:31:09 2024
****************************************
Information: Timer using 'CRPR'. (TIM-050)

  Startpoint: byte_controller/bit_controller/al_reg (rising edge-triggered flip-flop clocked by wb_clk_i)
  Endpoint: byte_controller/core_txd_reg (rising edge-triggered flip-flop clocked by wb_clk_i)
  Mode: default
  Corner: default
  Scenario: default
  Path Group: wb_clk_i
  Path Type: min

  Point                                            Incr      Path  
  ------------------------------------------------------------------------
  clock wb_clk_i (rise edge)                       0.00      0.00
  clock network delay (propagated)                 0.10      0.10

  byte_controller/bit_controller/al_reg/CLK (DFFARX1)
                                                   0.00      0.10 r
  byte_controller/bit_controller/al_reg/Q (DFFARX1)
                                                   0.17      0.27 r
  byte_controller/U18/QN (NOR2X0)                  0.09      0.36 f
  byte_controller/U98/Q (AND2X1)                   0.05      0.41 f
  byte_controller/core_txd_reg/D (DFFARX1)         0.00      0.41 f
  data arrival time                                          0.41

  clock wb_clk_i (rise edge)                       0.00      0.00
  clock network delay (propagated)                 0.10      0.10
  clock reconvergence pessimism                   -0.00      0.10
  byte_controller/core_txd_reg/CLK (DFFARX1)       0.00      0.10 r
  clock uncertainty                                0.30      0.40
  library hold time                                0.01      0.41
  data required time                                         0.41
  ------------------------------------------------------------------------
  data required time                                         0.41
  data arrival time                                         -0.41
  ------------------------------------------------------------------------
  slack (MET)                                                0.00



  Startpoint: byte_controller/bit_controller/c_state_reg_9_ (rising edge-triggered flip-flop clocked by wb_clk_i)
  Endpoint: byte_controller/bit_controller/sda_oen_reg (rising edge-triggered flip-flop clocked by wb_clk_i)
  Mode: default
  Corner: default
  Scenario: default
  Path Group: wb_clk_i
  Path Type: min

  Point                                            Incr      Path  
  ------------------------------------------------------------------------
  clock wb_clk_i (rise edge)                       0.00      0.00
  clock network delay (propagated)                 0.10      0.10

  byte_controller/bit_controller/c_state_reg_9_/CLK (DFFARX1)
                                                   0.00      0.10 r
  byte_controller/bit_controller/c_state_reg_9_/Q (DFFARX1)
                                                   0.18      0.28 f
  byte_controller/bit_controller/U110/QN (NOR4X0)
                                                   0.04      0.32 r
  byte_controller/bit_controller/U109/QN (NAND4X0)
                                                   0.04      0.36 f
  byte_controller/bit_controller/ctmTdsLR_1_297/Q (MUX21X1)
                                                   0.05      0.42 f
  byte_controller/bit_controller/sda_oen_reg/D (DFFASX1)
                                                   0.00      0.42 f
  data arrival time                                          0.42

  clock wb_clk_i (rise edge)                       0.00      0.00
  clock network delay (propagated)                 0.10      0.10
  clock reconvergence pessimism                   -0.00      0.10
  byte_controller/bit_controller/sda_oen_reg/CLK (DFFASX1)
                                                   0.00      0.10 r
  clock uncertainty                                0.30      0.40
  library hold time                                0.02      0.42
  data required time                                         0.42
  ------------------------------------------------------------------------
  data required time                                         0.42
  data arrival time                                         -0.42
  ------------------------------------------------------------------------
  slack (MET)                                                0.00



  Startpoint: byte_controller/bit_controller/clk_en_reg (rising edge-triggered flip-flop clocked by wb_clk_i)
  Endpoint: byte_controller/bit_controller/cmd_stop_reg (rising edge-triggered flip-flop clocked by wb_clk_i)
  Mode: default
  Corner: default
  Scenario: default
  Path Group: wb_clk_i
  Path Type: min

  Point                                            Incr      Path  
  ------------------------------------------------------------------------
  clock wb_clk_i (rise edge)                       0.00      0.00
  clock network delay (propagated)                 0.10      0.10

  byte_controller/bit_controller/clk_en_reg/CLK (DFFASX1)
                                                   0.00      0.10 r
  byte_controller/bit_controller/clk_en_reg/Q (DFFASX1)
                                                   0.16      0.26 r
  byte_controller/bit_controller/U71/Q (OA21X1)    0.08      0.34 r
  byte_controller/bit_controller/copt_h_inst_1574/Z (NBUFFX2)
                                                   0.04      0.38 r
  byte_controller/bit_controller/U38/QN (NOR2X0)   0.03      0.41 f
  byte_controller/bit_controller/cmd_stop_reg/D (DFFARX1)
                                                   0.00      0.41 f
  data arrival time                                          0.41

  clock wb_clk_i (rise edge)                       0.00      0.00
  clock network delay (propagated)                 0.10      0.10
  clock reconvergence pessimism                   -0.00      0.10
  byte_controller/bit_controller/cmd_stop_reg/CLK (DFFARX1)
                                                   0.00      0.10 r
  clock uncertainty                                0.30      0.40
  library hold time                                0.01      0.41
  data required time                                         0.41
  ------------------------------------------------------------------------
  data required time                                         0.41
  data arrival time                                         -0.41
  ------------------------------------------------------------------------
  slack (MET)                                                0.00



  Startpoint: byte_controller/bit_controller/cnt_reg_8_ (rising edge-triggered flip-flop clocked by wb_clk_i)
  Endpoint: byte_controller/bit_controller/cnt_reg_8_ (rising edge-triggered flip-flop clocked by wb_clk_i)
  Mode: default
  Corner: default
  Scenario: default
  Path Group: wb_clk_i
  Path Type: min

  Point                                            Incr      Path  
  ------------------------------------------------------------------------
  clock wb_clk_i (rise edge)                       0.00      0.00
  clock network delay (propagated)                 0.09      0.09

  byte_controller/bit_controller/cnt_reg_8_/CLK (DFFARX2)
                                                   0.00      0.09 r
  byte_controller/bit_controller/cnt_reg_8_/Q (DFFARX2)
                                                   0.20      0.29 f
  byte_controller/bit_controller/sub_228/U15/Q (AO21X1)
                                                   0.06      0.35 f
  byte_controller/bit_controller/U100/Q (AO222X1)
                                                   0.06      0.41 f
  byte_controller/bit_controller/cnt_reg_8_/D (DFFARX2)
                                                   0.00      0.41 f
  data arrival time                                          0.41

  clock wb_clk_i (rise edge)                       0.00      0.00
  clock network delay (propagated)                 0.09      0.09
  clock reconvergence pessimism                   -0.00      0.09
  byte_controller/bit_controller/cnt_reg_8_/CLK (DFFARX2)
                                                   0.00      0.09 r
  clock uncertainty                                0.30      0.39
  library hold time                                0.01      0.41
  data required time                                         0.41
  ------------------------------------------------------------------------
  data required time                                         0.41
  data arrival time                                         -0.41
  ------------------------------------------------------------------------
  slack (MET)                                                0.00



  Startpoint: byte_controller/bit_controller/cnt_reg_5_ (rising edge-triggered flip-flop clocked by wb_clk_i)
  Endpoint: byte_controller/bit_controller/cnt_reg_5_ (rising edge-triggered flip-flop clocked by wb_clk_i)
  Mode: default
  Corner: default
  Scenario: default
  Path Group: wb_clk_i
  Path Type: min

  Point                                            Incr      Path  
  ------------------------------------------------------------------------
  clock wb_clk_i (rise edge)                       0.00      0.00
  clock network delay (propagated)                 0.10      0.10

  byte_controller/bit_controller/cnt_reg_5_/CLK (DFFARX2)
                                                   0.00      0.10 r
  byte_controller/bit_controller/cnt_reg_5_/Q (DFFARX2)
                                                   0.20      0.29 f
  byte_controller/bit_controller/sub_228/U18/Q (AO21X1)
                                                   0.06      0.35 f
  byte_controller/bit_controller/U97/Q (AO222X1)   0.06      0.41 f
  byte_controller/bit_controller/cnt_reg_5_/D (DFFARX2)
                                                   0.00      0.41 f
  data arrival time                                          0.41

  clock wb_clk_i (rise edge)                       0.00      0.00
  clock network delay (propagated)                 0.09      0.09
  clock reconvergence pessimism                   -0.00      0.09
  byte_controller/bit_controller/cnt_reg_5_/CLK (DFFARX2)
                                                   0.00      0.09 r
  clock uncertainty                                0.30      0.39
  library hold time                                0.01      0.41
  data required time                                         0.41
  ------------------------------------------------------------------------
  data required time                                         0.41
  data arrival time                                         -0.41
  ------------------------------------------------------------------------
  slack (MET)                                                0.00



  Startpoint: byte_controller/bit_controller/cnt_reg_4_ (rising edge-triggered flip-flop clocked by wb_clk_i)
  Endpoint: byte_controller/bit_controller/cnt_reg_4_ (rising edge-triggered flip-flop clocked by wb_clk_i)
  Mode: default
  Corner: default
  Scenario: default
  Path Group: wb_clk_i
  Path Type: min

  Point                                            Incr      Path  
  ------------------------------------------------------------------------
  clock wb_clk_i (rise edge)                       0.00      0.00
  clock network delay (propagated)                 0.10      0.10

  byte_controller/bit_controller/cnt_reg_4_/CLK (DFFARX2)
                                                   0.00      0.10 r
  byte_controller/bit_controller/cnt_reg_4_/Q (DFFARX2)
                                                   0.19      0.29 f
  byte_controller/bit_controller/sub_228/U19/Q (AO21X1)
                                                   0.06      0.35 f
  byte_controller/bit_controller/U96/Q (AO222X1)   0.06      0.41 f
  byte_controller/bit_controller/cnt_reg_4_/D (DFFARX2)
                                                   0.00      0.41 f
  data arrival time                                          0.41

  clock wb_clk_i (rise edge)                       0.00      0.00
  clock network delay (propagated)                 0.09      0.09
  clock reconvergence pessimism                   -0.00      0.09
  byte_controller/bit_controller/cnt_reg_4_/CLK (DFFARX2)
                                                   0.00      0.09 r
  clock uncertainty                                0.30      0.39
  library hold time                                0.01      0.41
  data required time                                         0.41
  ------------------------------------------------------------------------
  data required time                                         0.41
  data arrival time                                         -0.41
  ------------------------------------------------------------------------
  slack (MET)                                                0.00



  Startpoint: byte_controller/bit_controller/cnt_reg_10_ (rising edge-triggered flip-flop clocked by wb_clk_i)
  Endpoint: byte_controller/bit_controller/cnt_reg_10_ (rising edge-triggered flip-flop clocked by wb_clk_i)
  Mode: default
  Corner: default
  Scenario: default
  Path Group: wb_clk_i
  Path Type: min

  Point                                            Incr      Path  
  ------------------------------------------------------------------------
  clock wb_clk_i (rise edge)                       0.00      0.00
  clock network delay (propagated)                 0.09      0.09

  byte_controller/bit_controller/cnt_reg_10_/CLK (DFFARX2)
                                                   0.00      0.09 r
  byte_controller/bit_controller/cnt_reg_10_/Q (DFFARX2)
                                                   0.20      0.29 f
  byte_controller/bit_controller/sub_228/U32/Q (AO21X1)
                                                   0.06      0.35 f
  byte_controller/bit_controller/U102/Q (AO222X1)
                                                   0.06      0.41 f
  byte_controller/bit_controller/cnt_reg_10_/D (DFFARX2)
                                                   0.00      0.41 f
  data arrival time                                          0.41

  clock wb_clk_i (rise edge)                       0.00      0.00
  clock network delay (propagated)                 0.09      0.09
  clock reconvergence pessimism                   -0.00      0.09
  byte_controller/bit_controller/cnt_reg_10_/CLK (DFFARX2)
                                                   0.00      0.09 r
  clock uncertainty                                0.30      0.39
  library hold time                                0.01      0.41
  data required time                                         0.41
  ------------------------------------------------------------------------
  data required time                                         0.41
  data arrival time                                         -0.41
  ------------------------------------------------------------------------
  slack (MET)                                                0.00



  Startpoint: byte_controller/bit_controller/cnt_reg_12_ (rising edge-triggered flip-flop clocked by wb_clk_i)
  Endpoint: byte_controller/bit_controller/cnt_reg_12_ (rising edge-triggered flip-flop clocked by wb_clk_i)
  Mode: default
  Corner: default
  Scenario: default
  Path Group: wb_clk_i
  Path Type: min

  Point                                            Incr      Path  
  ------------------------------------------------------------------------
  clock wb_clk_i (rise edge)                       0.00      0.00
  clock network delay (propagated)                 0.09      0.09

  byte_controller/bit_controller/cnt_reg_12_/CLK (DFFARX2)
                                                   0.00      0.09 r
  byte_controller/bit_controller/cnt_reg_12_/Q (DFFARX2)
                                                   0.20      0.29 f
  byte_controller/bit_controller/sub_228/U28/Q (AO21X1)
                                                   0.06      0.34 f
  byte_controller/bit_controller/U104/Q (AO222X1)
                                                   0.06      0.41 f
  byte_controller/bit_controller/cnt_reg_12_/D (DFFARX2)
                                                   0.00      0.41 f
  data arrival time                                          0.41

  clock wb_clk_i (rise edge)                       0.00      0.00
  clock network delay (propagated)                 0.09      0.09
  clock reconvergence pessimism                   -0.00      0.09
  byte_controller/bit_controller/cnt_reg_12_/CLK (DFFARX2)
                                                   0.00      0.09 r
  clock uncertainty                                0.30      0.39
  library hold time                                0.01      0.40
  data required time                                         0.40
  ------------------------------------------------------------------------
  data required time                                         0.40
  data arrival time                                         -0.41
  ------------------------------------------------------------------------
  slack (MET)                                                0.00



  Startpoint: byte_controller/bit_controller/cnt_reg_9_ (rising edge-triggered flip-flop clocked by wb_clk_i)
  Endpoint: byte_controller/bit_controller/cnt_reg_9_ (rising edge-triggered flip-flop clocked by wb_clk_i)
  Mode: default
  Corner: default
  Scenario: default
  Path Group: wb_clk_i
  Path Type: min

  Point                                            Incr      Path  
  ------------------------------------------------------------------------
  clock wb_clk_i (rise edge)                       0.00      0.00
  clock network delay (propagated)                 0.09      0.09

  byte_controller/bit_controller/cnt_reg_9_/CLK (DFFARX2)
                                                   0.00      0.09 r
  byte_controller/bit_controller/cnt_reg_9_/Q (DFFARX2)
                                                   0.20      0.29 f
  byte_controller/bit_controller/sub_228/U14/Q (AO21X1)
                                                   0.06      0.35 f
  byte_controller/bit_controller/U101/Q (AO222X1)
                                                   0.06      0.41 f
  byte_controller/bit_controller/cnt_reg_9_/D (DFFARX2)
                                                   0.00      0.41 f
  data arrival time                                          0.41

  clock wb_clk_i (rise edge)                       0.00      0.00
  clock network delay (propagated)                 0.09      0.09
  clock reconvergence pessimism                   -0.00      0.09
  byte_controller/bit_controller/cnt_reg_9_/CLK (DFFARX2)
                                                   0.00      0.09 r
  clock uncertainty                                0.30      0.39
  library hold time                                0.01      0.41
  data required time                                         0.41
  ------------------------------------------------------------------------
  data required time                                         0.41
  data arrival time                                         -0.41
  ------------------------------------------------------------------------
  slack (MET)                                                0.00



  Startpoint: cr_reg_6_ (rising edge-triggered flip-flop clocked by wb_clk_i)
  Endpoint: wb_dat_o_reg_6_ (rising edge-triggered flip-flop clocked by wb_clk_i)
  Mode: default
  Corner: default
  Scenario: default
  Path Group: wb_clk_i
  Path Type: min

  Point                                            Incr      Path  
  ------------------------------------------------------------------------
  clock wb_clk_i (rise edge)                       0.00      0.00
  clock network delay (propagated)                 0.10      0.10

  cr_reg_6_/CLK (DFFARX1)                          0.00      0.10 r
  cr_reg_6_/Q (DFFARX1)                            0.19      0.29 f
  U217/QN (AOI222X1)                               0.09      0.38 r
  U216/QN (NAND3X0)                                0.03      0.41 f
  wb_dat_o_reg_6_/D (DFFX1)                        0.00      0.41 f
  data arrival time                                          0.41

  clock wb_clk_i (rise edge)                       0.00      0.00
  clock network delay (propagated)                 0.09      0.09
  clock reconvergence pessimism                   -0.00      0.09
  wb_dat_o_reg_6_/CLK (DFFX1)                      0.00      0.09 r
  clock uncertainty                                0.30      0.39
  library hold time                                0.02      0.41
  data required time                                         0.41
  ------------------------------------------------------------------------
  data required time                                         0.41
  data arrival time                                         -0.41
  ------------------------------------------------------------------------
  slack (MET)                                                0.00


1
