 
****************************************
Report : cell
Design : i2c_master_top
Version: V-2023.12
Date   : Thu May  9 20:14:28 2024
****************************************

Attributes:
    b - black box (unknown)
    h - hierarchical
    n - noncombinational
    r - removable
    u - contains unmapped logic

Cell                      Reference       Library             Area  Attributes
--------------------------------------------------------------------------------
U166                      AO221X1         saed90nm_max_lth
                                                          12.902400 
U167                      AO221X1         saed90nm_max_lth
                                                          12.902400 
U168                      AO221X1         saed90nm_max_lth
                                                          12.902400 
U169                      AO221X1         saed90nm_max_lth
                                                          12.902400 
U170                      AO221X1         saed90nm_max_lth
                                                          12.902400 
U171                      AO221X1         saed90nm_max_lth
                                                          12.902400 
U172                      AO22X1          saed90nm_max_lth
                                                          11.980800 
U173                      AO22X1          saed90nm_max_lth
                                                          11.980800 
U174                      AO22X1          saed90nm_max_lth
                                                          11.980800 
U175                      AO22X1          saed90nm_max_lth
                                                          11.980800 
U176                      AO22X1          saed90nm_max_lth
                                                          11.980800 
U177                      OR2X1           saed90nm_max_lth
                                                          7.372800  
U178                      NOR4X0          saed90nm_max_lth
                                                          9.216000  
U179                      AO22X1          saed90nm_max_lth
                                                          11.980800 
U180                      AO22X1          saed90nm_max_lth
                                                          11.980800 
U181                      AO22X1          saed90nm_max_lth
                                                          11.980800 
U182                      NAND3X0         saed90nm_max_lth
                                                          7.372800  
U183                      AO22X1          saed90nm_max_lth
                                                          11.980800 
U184                      AO22X1          saed90nm_max_lth
                                                          11.980800 
U185                      AO22X1          saed90nm_max_lth
                                                          11.980800 
U186                      AO22X1          saed90nm_max_lth
                                                          11.980800 
U187                      AO22X1          saed90nm_max_lth
                                                          11.980800 
U188                      AO22X1          saed90nm_max_lth
                                                          11.980800 
U189                      AO22X1          saed90nm_max_lth
                                                          11.980800 
U190                      AO22X1          saed90nm_max_lth
                                                          11.980800 
U192                      AO22X1          saed90nm_max_lth
                                                          11.980800 
U193                      AO22X1          saed90nm_max_lth
                                                          11.980800 
U194                      AO22X1          saed90nm_max_lth
                                                          11.980800 
U195                      AO22X1          saed90nm_max_lth
                                                          11.980800 
U196                      AO22X1          saed90nm_max_lth
                                                          11.980800 
U197                      AO22X1          saed90nm_max_lth
                                                          11.980800 
U198                      AO22X1          saed90nm_max_lth
                                                          11.980800 
U199                      AO22X1          saed90nm_max_lth
                                                          11.980800 
U200                      AOI21X1         saed90nm_max_lth
                                                          11.980800 
U201                      AO221X1         saed90nm_max_lth
                                                          12.902400 
U202                      AO221X1         saed90nm_max_lth
                                                          12.902400 
U203                      AO221X1         saed90nm_max_lth
                                                          12.902400 
U204                      AO221X1         saed90nm_max_lth
                                                          12.902400 
U205                      AO221X1         saed90nm_max_lth
                                                          12.902400 
U206                      AO221X1         saed90nm_max_lth
                                                          12.902400 
U207                      AO221X1         saed90nm_max_lth
                                                          12.902400 
U208                      AO221X1         saed90nm_max_lth
                                                          12.902400 
U209                      AO221X1         saed90nm_max_lth
                                                          12.902400 
U210                      AO221X1         saed90nm_max_lth
                                                          12.902400 
U211                      NAND3X0         saed90nm_max_lth
                                                          7.372800  
U212                      NAND3X0         saed90nm_max_lth
                                                          7.372800  
U213                      AOI222X1        saed90nm_max_lth
                                                          15.667200 
U214                      OA22X1          saed90nm_max_lth
                                                          11.059200 
U215                      AOI22X1         saed90nm_max_lth
                                                          12.902400 
U216                      NAND3X0         saed90nm_max_lth
                                                          7.372800  
U217                      AOI222X1        saed90nm_max_lth
                                                          15.667200 
U218                      OA22X1          saed90nm_max_lth
                                                          11.059200 
U219                      AOI22X1         saed90nm_max_lth
                                                          12.902400 
U220                      NAND3X0         saed90nm_max_lth
                                                          7.372800  
U221                      AOI222X1        saed90nm_max_lth
                                                          15.667200 
U222                      OA22X1          saed90nm_max_lth
                                                          11.059200 
U223                      AOI22X1         saed90nm_max_lth
                                                          12.902400 
U224                      OA222X1         saed90nm_max_lth
                                                          14.745600 
U225                      AOI222X1        saed90nm_max_lth
                                                          15.667200 
U226                      OA222X1         saed90nm_max_lth
                                                          14.745600 
U227                      AOI222X1        saed90nm_max_lth
                                                          15.667200 
U228                      OA222X1         saed90nm_max_lth
                                                          14.745600 
U229                      AOI222X1        saed90nm_max_lth
                                                          15.667200 
U230                      NAND3X0         saed90nm_max_lth
                                                          7.372800  
U231                      AOI222X1        saed90nm_max_lth
                                                          15.667200 
U232                      OA22X1          saed90nm_max_lth
                                                          11.059200 
U233                      AOI22X1         saed90nm_max_lth
                                                          12.902400 
U234                      NAND3X0         saed90nm_max_lth
                                                          7.372800  
U235                      AOI222X1        saed90nm_max_lth
                                                          15.667200 
U236                      NOR3X0          saed90nm_max_lth
                                                          8.294400  
U237                      NOR3X0          saed90nm_max_lth
                                                          8.294400  
U238                      NOR3X0          saed90nm_max_lth
                                                          8.294400  
U239                      OA22X1          saed90nm_max_lth
                                                          11.059200 
U240                      NAND3X0         saed90nm_max_lth
                                                          7.372800  
U241                      NAND3X0         saed90nm_max_lth
                                                          7.372800  
U242                      AOI22X1         saed90nm_max_lth
                                                          12.902400 
U243                      AND3X1          saed90nm_max_lth
                                                          8.294400  
U244                      NAND3X0         saed90nm_max_lth
                                                          7.372800  
U245                      AND3X1          saed90nm_max_lth
                                                          8.294400  
U246                      AND3X1          saed90nm_max_lth
                                                          8.294400  
U247                      AND3X1          saed90nm_max_lth
                                                          8.294400  
U248                      OR3X1           saed90nm_max_lth
                                                          9.216000  
U249                      OA21X1          saed90nm_max_lth
                                                          9.216000  
U250                      AND2X1          saed90nm_max_lth
                                                          7.372800  
U251                      AOI21X1         saed90nm_max_lth
                                                          11.980800 
U252                      INVX0           saed90nm_max_lth
                                                          5.529600  
U253                      INVX0           saed90nm_max_lth
                                                          5.529600  
U254                      INVX0           saed90nm_max_lth
                                                          5.529600  
U255                      INVX0           saed90nm_max_lth
                                                          5.529600  
U256                      NAND2X1         saed90nm_max_lth
                                                          5.529600  
U257                      INVX0           saed90nm_max_lth
                                                          5.529600  
U258                      INVX0           saed90nm_max_lth
                                                          5.529600  
U259                      NOR2X0          saed90nm_max_lth
                                                          5.529600  
U260                      INVX0           saed90nm_max_lth
                                                          5.529600  
U261                      NOR2X0          saed90nm_max_lth
                                                          5.529600  
U262                      NOR2X0          saed90nm_max_lth
                                                          5.529600  
U263                      NOR2X0          saed90nm_max_lth
                                                          5.529600  
U264                      OA21X1          saed90nm_max_lth
                                                          9.216000  
U265                      NOR2X0          saed90nm_max_lth
                                                          5.529600  
U266                      NOR2X0          saed90nm_max_lth
                                                          5.529600  
U267                      INVX0           saed90nm_max_lth
                                                          5.529600  
U268                      INVX0           saed90nm_max_lth
                                                          5.529600  
U269                      INVX0           saed90nm_max_lth
                                                          5.529600  
U270                      NAND2X1         saed90nm_max_lth
                                                          5.529600  
U271                      NAND2X1         saed90nm_max_lth
                                                          5.529600  
U272                      NAND2X1         saed90nm_max_lth
                                                          5.529600  
U273                      NOR2X0          saed90nm_max_lth
                                                          5.529600  
al_reg                    DFFARX1         saed90nm_max_lth
                                                          32.256001 n
byte_controller           i2c_master_byte_ctrl            5791.334442
                                                                    h, n
cr_reg_0_                 DFFARX1         saed90nm_max_lth
                                                          32.256001 n
cr_reg_1_                 DFFARX1         saed90nm_max_lth
                                                          32.256001 n
cr_reg_2_                 DFFARX1         saed90nm_max_lth
                                                          32.256001 n
cr_reg_3_                 DFFARX1         saed90nm_max_lth
                                                          32.256001 n
cr_reg_4_                 DFFARX1         saed90nm_max_lth
                                                          32.256001 n
cr_reg_5_                 DFFARX1         saed90nm_max_lth
                                                          32.256001 n
cr_reg_6_                 DFFARX1         saed90nm_max_lth
                                                          32.256001 n
cr_reg_7_                 DFFARX1         saed90nm_max_lth
                                                          32.256001 n
ctr_reg_0_                DFFARX1         saed90nm_max_lth
                                                          32.256001 n
ctr_reg_1_                DFFARX1         saed90nm_max_lth
                                                          32.256001 n
ctr_reg_2_                DFFARX1         saed90nm_max_lth
                                                          32.256001 n
ctr_reg_3_                DFFARX1         saed90nm_max_lth
                                                          32.256001 n
ctr_reg_4_                DFFARX1         saed90nm_max_lth
                                                          32.256001 n
ctr_reg_5_                DFFARX1         saed90nm_max_lth
                                                          32.256001 n
ctr_reg_6_                DFFARX1         saed90nm_max_lth
                                                          32.256001 n
ctr_reg_7_                DFFARX1         saed90nm_max_lth
                                                          32.256001 n
irq_flag_reg              DFFARX1         saed90nm_max_lth
                                                          32.256001 n
prer_reg_0_               DFFASX1         saed90nm_max_lth
                                                          31.334400 n
prer_reg_1_               DFFASX1         saed90nm_max_lth
                                                          31.334400 n
prer_reg_2_               DFFASX1         saed90nm_max_lth
                                                          31.334400 n
prer_reg_3_               DFFASX1         saed90nm_max_lth
                                                          31.334400 n
prer_reg_4_               DFFASX1         saed90nm_max_lth
                                                          31.334400 n
prer_reg_5_               DFFASX1         saed90nm_max_lth
                                                          31.334400 n
prer_reg_6_               DFFASX1         saed90nm_max_lth
                                                          31.334400 n
prer_reg_7_               DFFASX1         saed90nm_max_lth
                                                          31.334400 n
prer_reg_8_               DFFASX1         saed90nm_max_lth
                                                          31.334400 n
prer_reg_9_               DFFASX1         saed90nm_max_lth
                                                          31.334400 n
prer_reg_10_              DFFASX1         saed90nm_max_lth
                                                          31.334400 n
prer_reg_11_              DFFASX1         saed90nm_max_lth
                                                          31.334400 n
prer_reg_12_              DFFASX1         saed90nm_max_lth
                                                          31.334400 n
prer_reg_13_              DFFASX1         saed90nm_max_lth
                                                          31.334400 n
prer_reg_14_              DFFASX1         saed90nm_max_lth
                                                          31.334400 n
prer_reg_15_              DFFASX1         saed90nm_max_lth
                                                          31.334400 n
rxack_reg                 DFFARX1         saed90nm_max_lth
                                                          32.256001 n
tip_reg                   DFFARX1         saed90nm_max_lth
                                                          32.256001 n
txr_reg_0_                DFFARX1         saed90nm_max_lth
                                                          32.256001 n
txr_reg_1_                DFFARX1         saed90nm_max_lth
                                                          32.256001 n
txr_reg_2_                DFFARX1         saed90nm_max_lth
                                                          32.256001 n
txr_reg_3_                DFFARX1         saed90nm_max_lth
                                                          32.256001 n
txr_reg_4_                DFFARX1         saed90nm_max_lth
                                                          32.256001 n
txr_reg_5_                DFFARX1         saed90nm_max_lth
                                                          32.256001 n
txr_reg_6_                DFFARX1         saed90nm_max_lth
                                                          32.256001 n
txr_reg_7_                DFFARX1         saed90nm_max_lth
                                                          32.256001 n
wb_ack_o_reg              DFFX1           saed90nm_max_lth
                                                          24.883200 n
wb_dat_o_reg_0_           DFFX1           saed90nm_max_lth
                                                          24.883200 n
wb_dat_o_reg_1_           DFFX1           saed90nm_max_lth
                                                          24.883200 n
wb_dat_o_reg_2_           DFFX1           saed90nm_max_lth
                                                          24.883200 n
wb_dat_o_reg_3_           DFFX1           saed90nm_max_lth
                                                          24.883200 n
wb_dat_o_reg_4_           DFFX1           saed90nm_max_lth
                                                          24.883200 n
wb_dat_o_reg_5_           DFFX1           saed90nm_max_lth
                                                          24.883200 n
wb_dat_o_reg_6_           DFFX1           saed90nm_max_lth
                                                          24.883200 n
wb_dat_o_reg_7_           DFFX1           saed90nm_max_lth
                                                          24.883200 n
wb_inta_o_reg             DFFARX1         saed90nm_max_lth
                                                          32.256001 n
--------------------------------------------------------------------------------
Total 162 cells                                           8558.899252
1
